<?xml version="1.0" encoding="UTF-8"?>
<testsuites name="jest tests" tests="2" failures="0" errors="0" time="2.041">
  <testsuite name="Health Check API" errors="0" failures="0" skipped="0" timestamp="2025-04-13T15:23:19" time="1.907" tests="2">
    <testcase classname="Health Check API should return 200 OK" name="Health Check API should return 200 OK" time="0.151">
    </testcase>
    <testcase classname="Health Check API should return 500 on DB failure" name="Health Check API should return 500 on DB failure" time="0.023">
    </testcase>
  </testsuite>
</testsuites>